<?xml version="1.0" encoding="UTF-8"?>
<coverage generated="1681435569487" clover="3.2.0">
  <project timestamp="1681435569487" name="All files">
    <metrics statements="2" coveredstatements="2" conditionals="0" coveredconditionals="0" methods="1" coveredmethods="1" elements="3" coveredelements="3" complexity="0" loc="2" ncloc="2" packages="2" files="2" classes="2">
      <package name="src.ExcelPlugin.elements">
        <metrics statements="1" coveredstatements="1" conditionals="0" coveredconditionals="0" methods="1" coveredmethods="1"/>
        <file name="ExcelColumn.js" path="C:\stash\ecademy\src\app\components\ReactDataExport\src\ExcelPlugin\elements\ExcelColumn.js">
          <metrics statements="1" coveredstatements="1" conditionals="0" coveredconditionals="0" methods="1" coveredmethods="1"/>
          <line num="16" count="1" type="stmt"/>
        </file>
      </package>
      <package name="test">
        <metrics statements="1" coveredstatements="1" conditionals="0" coveredconditionals="0" methods="0" coveredmethods="0"/>
        <file name="global.js" path="C:\stash\ecademy\src\app\components\ReactDataExport\test\global.js">
          <metrics statements="1" coveredstatements="1" conditionals="0" coveredconditionals="0" methods="0" coveredmethods="0"/>
          <line num="9" count="1" type="stmt"/>
        </file>
      </package>
    </metrics>
  </project>
</coverage>
