{"C:\\stash\\ecademy\\src\\app\\components\\ReactDataExport\\src\\ExcelPlugin\\elements\\ExcelColumn.js": {"path":"C:\\stash\\ecademy\\src\\app\\components\\ReactDataExport\\src\\ExcelPlugin\\elements\\ExcelColumn.js","statementMap":{"0":{"start":{"line":16,"column":8},"end":{"line":16,"column":20}}},"fnMap":{"0":{"name":"(anonymous_0)","decl":{"start":{"line":15,"column":4},"end":{"line":15,"column":5}},"loc":{"start":{"line":15,"column":13},"end":{"line":17,"column":5}},"line":15}},"branchMap":{},"s":{"0":1},"f":{"0":1},"b":{},"_coverageSchema":"332fd63041d2c1bcb487cc26dd0d5f7d97098a6c","hash":"ba0df9543541e69407dc8f207eb9a59d56d39a24"}
,"C:\\stash\\ecademy\\src\\app\\components\\ReactDataExport\\test\\global.js": {"path":"C:\\stash\\ecademy\\src\\app\\components\\ReactDataExport\\test\\global.js","statementMap":{"0":{"start":{"line":9,"column":0},"end":{"line":9,"column":38}}},"fnMap":{},"branchMap":{},"s":{"0":1},"f":{},"b":{},"_coverageSchema":"332fd63041d2c1bcb487cc26dd0d5f7d97098a6c","hash":"c72c7681108a9ea62c7d2d9c386e64cb3141b4af"}
}
